% [playingmode2/junior/model4/model4.fzn]
% simple solver
% parse instance...
ANTLR Tool version 4.5 used for code generation does not match the current runtime version 4.8ANTLR Tool version 4.5 used for code generation does not match the current runtime version 4.8% solve instance...
% Model[model4.fzn_1], 381 variables, 421 constraints, building time: 0.213s, w/o user-defined search strategy, w/o complementary search strategy
Vb11 = 432;
Vb12 = 422;
Vb13 = 522;
Vb14 = 433;
Vb15 = 421;
Vb21 = 543;
Vb22 = 533;
Vb23 = 544;
Vb24 = 444;
Vb25 = 532;
Vr21 = 511;
Vr22 = 521;
Vr23 = 411;
Vp1 = 311;
Vp2 = 321;
Vp3 = 322;
Vp4 = 211;
----------
the excute time:0.7169985771179199