% [expert/model10/model10.fzn]
% simple solver
% parse instance...
ANTLR Tool version 4.5 used for code generation does not match the current runtime version 4.8ANTLR Tool version 4.5 used for code generation does not match the current runtime version 4.8% solve instance...
% Model[model10.fzn_1], 426 variables, 778 constraints, building time: 0.253s, w/o user-defined search strategy, w/o complementary search strategy
Vb11 = 33;
Vb12 = 32;
Vb13 = 42;
Vb14 = 31;
Vb15 = 41;
Vb21 = 24;
Vb22 = 34;
Vb23 = 44;
Vb24 = 54;
Vg11 = 71;
Vg12 = 61;
Vg13 = 51;
Vg14 = 62;
Vg21 = 83;
Vg22 = 84;
Vg23 = 74;
Vr11 = 81;
Vr12 = 82;
Vr13 = 72;
Vr14 = 73;
Vr21 = 21;
Vr22 = 22;
Vr23 = 23;
Vr24 = 11;
Vy11 = 14;
Vy12 = 13;
Vy13 = 12;
Vy21 = 64;
Vy22 = 63;
Vy23 = 53;
Vy24 = 52;
Vy25 = 43;
----------
the excute time:231.63761377334595