Academic license - for non-commercial use only
Vpr = 21;
Vpb1 = 42;
Vpb2 = 0;
Vpg1 = 51;
Vpg2 = 0;
Vpy1 = 0;
Vpy2 = 0;
Vb11 = 33;
Vb12 = 32;
Vb13 = 42;
Vb14 = 31;
Vb15 = 41;
Vb21 = 54;
Vb22 = 44;
Vb23 = 34;
Vb24 = 24;
Vg11 = 71;
Vg12 = 61;
Vg13 = 51;
Vg14 = 62;
Vg21 = 83;
Vg22 = 84;
Vg23 = 74;
Vr11 = 81;
Vr12 = 82;
Vr13 = 72;
Vr14 = 73;
Vr21 = 21;
Vr22 = 22;
Vr23 = 23;
Vr24 = 11;
Vy11 = 14;
Vy12 = 13;
Vy13 = 12;
Vy21 = 64;
Vy22 = 63;
Vy23 = 53;
Vy24 = 52;
Vy25 = 43;
% time elapsed: 867.84 s
----------
