% [start/model9/model9.fzn]
% simple solver
% parse instance...
ANTLR Tool version 4.5 used for code generation does not match the current runtime version 4.8ANTLR Tool version 4.5 used for code generation does not match the current runtime version 4.8% solve instance...
% Model[model9.fzn_1], 439 variables, 792 constraints, building time: 0.284s, w/o user-defined search strategy, w/o complementary search strategy
Vb11 = 62;
Vb12 = 72;
Vb13 = 71;
Vb14 = 82;
Vb15 = 81;
Vb21 = 24;
Vb22 = 34;
Vb23 = 44;
Vb24 = 54;
Vg11 = 12;
Vg12 = 13;
Vg13 = 14;
Vg14 = 23;
Vg21 = 83;
Vg22 = 84;
Vg23 = 74;
Vr11 = 22;
Vr12 = 32;
Vr13 = 33;
Vr14 = 43;
Vr21 = 41;
Vr22 = 51;
Vr23 = 61;
Vr24 = 42;
Vy11 = 31;
Vy12 = 21;
Vy13 = 11;
Vy21 = 52;
Vy22 = 53;
Vy23 = 63;
Vy24 = 64;
Vy25 = 73;
----------
the excute time:79.25300645828247