% [playingmode2/master/model3/model3.fzn]
% simple solver
% parse instance...
ANTLR Tool version 4.5 used for code generation does not match the current runtime version 4.8ANTLR Tool version 4.5 used for code generation does not match the current runtime version 4.8% solve instance...
% Model[model3.fzn_1], 495 variables, 601 constraints, building time: 0.289s, w/o user-defined search strategy, w/o complementary search strategy
Vb11 = 133;
Vb12 = 143;
Vb13 = 243;
Vb14 = 132;
Vb15 = 144;
Vg11 = 421;
Vg12 = 321;
Vg13 = 311;
Vg14 = 211;
Vg21 = 422;
Vg22 = 322;
Vg23 = 222;
Vr11 = 232;
Vr12 = 233;
Vr13 = 332;
Vr21 = 433;
Vr22 = 443;
Vr23 = 333;
Vo1 = 121;
Vo2 = 111;
Vo3 = 221;
Vo4 = 122;
----------
the excute time:248.8257758617401