Academic license - for non-commercial use only
Vpr = 81;
Vpb1 = 71;
Vpb2 = 0;
Vpg1 = 0;
Vpg2 = 0;
Vpy1 = 21;
Vpy2 = 0;
Vb11 = 63;
Vb12 = 62;
Vb13 = 72;
Vb14 = 61;
Vb15 = 71;
Vb21 = 54;
Vb22 = 64;
Vb23 = 74;
Vb24 = 84;
Vg11 = 31;
Vg12 = 41;
Vg13 = 51;
Vg14 = 42;
Vg21 = 33;
Vg22 = 34;
Vg23 = 24;
Vr11 = 52;
Vr12 = 53;
Vr13 = 43;
Vr14 = 44;
Vr21 = 83;
Vr22 = 82;
Vr23 = 81;
Vr24 = 73;
Vy11 = 14;
Vy12 = 13;
Vy13 = 12;
Vy21 = 11;
Vy22 = 21;
Vy23 = 22;
Vy24 = 32;
Vy25 = 23;
% time elapsed: 82.13 s
----------
