% [playingmode2/wizard/model1/model1.fzn]
% simple solver
% parse instance...
ANTLR Tool version 4.5 used for code generation does not match the current runtime version 4.8ANTLR Tool version 4.5 used for code generation does not match the current runtime version 4.8% solve instance...
% Model[model1.fzn_1], 696 variables, 987 constraints, building time: 0.330s, w/o user-defined search strategy, w/o complementary search strategy
Vy1 = 344;
Vy2 = 444;
Vy3 = 544;
Vy4 = 443;
Vb11 = 143;
Vb12 = 133;
Vb13 = 233;
Vb14 = 144;
Vb15 = 132;
Vb21 = 322;
Vb22 = 321;
Vb23 = 222;
Vb24 = 232;
Vb25 = 421;
Vg11 = 511;
Vg12 = 521;
Vg13 = 522;
Vg14 = 532;
Vg21 = 411;
Vg22 = 311;
Vg23 = 211;
Vr11 = 432;
Vr12 = 422;
Vr13 = 332;
Vr21 = 533;
Vr22 = 543;
Vr23 = 433;
Vo1 = 121;
Vo2 = 111;
Vo3 = 221;
Vo4 = 122;
----------
the excute time:1645.3491327762604