% [junior/model13/model13.fzn]
% simple solver
% parse instance...
ANTLR Tool version 4.5 used for code generation does not match the current runtime version 4.8ANTLR Tool version 4.5 used for code generation does not match the current runtime version 4.8% solve instance...
% Model[model13.fzn_1], 421 variables, 773 constraints, building time: 0.682s, w/o user-defined search strategy, w/o complementary search strategy
Vb11 = 81;
Vb12 = 82;
Vb13 = 72;
Vb14 = 83;
Vb15 = 73;
Vb21 = 44;
Vb22 = 34;
Vb23 = 24;
Vb24 = 14;
Vg11 = 11;
Vg12 = 21;
Vg13 = 31;
Vg14 = 22;
Vg21 = 23;
Vg22 = 13;
Vg23 = 12;
Vr11 = 41;
Vr12 = 42;
Vr13 = 32;
Vr14 = 33;
Vr21 = 51;
Vr22 = 61;
Vr23 = 71;
Vr24 = 52;
Vy11 = 64;
Vy12 = 74;
Vy13 = 84;
Vy21 = 62;
Vy22 = 63;
Vy23 = 53;
Vy24 = 54;
Vy25 = 43;
----------
the excute time:905.0389721393585