% [playingmode2/master/model2/model2.fzn]
% simple solver
% parse instance...
ANTLR Tool version 4.5 used for code generation does not match the current runtime version 4.8ANTLR Tool version 4.5 used for code generation does not match the current runtime version 4.8% solve instance...
% Model[model2.fzn_1], 604 variables, 802 constraints, building time: 0.322s, w/o user-defined search strategy, w/o complementary search strategy
Vy1 = 243;
Vy2 = 343;
Vy3 = 443;
Vy4 = 333;
Vb21 = 543;
Vb22 = 533;
Vb23 = 544;
Vb24 = 444;
Vb25 = 532;
Vg11 = 421;
Vg12 = 422;
Vg13 = 432;
Vg14 = 433;
Vg21 = 144;
Vg22 = 244;
Vg23 = 344;
Vr21 = 321;
Vr22 = 311;
Vr23 = 322;
Vo1 = 133;
Vo2 = 132;
Vo3 = 143;
Vo4 = 233;
Vp1 = 511;
Vp2 = 521;
Vp3 = 522;
Vp4 = 411;
----------
the excute time:1.889293909072876