Academic license - for non-commercial use only
Vpr = 0;
Vpb1 = 22;
Vpb2 = 23;
Vpg1 = 82;
Vpg2 = 83;
Vpy1 = 51;
Vpy2 = 62;
Vb11 = 34;
Vb12 = 24;
Vb13 = 23;
Vb14 = 14;
Vb15 = 13;
Vb21 = 42;
Vb22 = 32;
Vb23 = 22;
Vb24 = 12;
Vg11 = 81;
Vg12 = 71;
Vg13 = 61;
Vg14 = 72;
Vg21 = 73;
Vg22 = 83;
Vg23 = 82;
Vr11 = 54;
Vr12 = 44;
Vr13 = 43;
Vr14 = 33;
Vr21 = 64;
Vr22 = 74;
Vr23 = 84;
Vr24 = 63;
Vy11 = 11;
Vy12 = 21;
Vy13 = 31;
Vy21 = 41;
Vy22 = 51;
Vy23 = 52;
Vy24 = 62;
Vy25 = 53;
% time elapsed: 11.77 s
----------
