% [playingmode2/junior/model8/model8.fzn]
% simple solver
% parse instance...
ANTLR Tool version 4.5 used for code generation does not match the current runtime version 4.8ANTLR Tool version 4.5 used for code generation does not match the current runtime version 4.8% solve instance...
% Model[model8.fzn_1], 343 variables, 378 constraints, building time: 0.216s, w/o user-defined search strategy, w/o complementary search strategy
Vy1 = 244;
Vy2 = 344;
Vy3 = 444;
Vy4 = 343;
Vb21 = 443;
Vb22 = 433;
Vb23 = 543;
Vb24 = 544;
Vb25 = 333;
Vg11 = 132;
Vg12 = 133;
Vg13 = 143;
Vg14 = 144;
Vr21 = 233;
Vr22 = 232;
Vr23 = 243;
----------
the excute time:0.8586735725402832