% [start/model18/model18.fzn]
% simple solver
% parse instance...
ANTLR Tool version 4.5 used for code generation does not match the current runtime version 4.8ANTLR Tool version 4.5 used for code generation does not match the current runtime version 4.8% solve instance...
% Model[model18.fzn_1], 432 variables, 784 constraints, building time: 0.247s, w/o user-defined search strategy, w/o complementary search strategy
Vb11 = 22;
Vb12 = 23;
Vb13 = 33;
Vb14 = 24;
Vb15 = 34;
Vb21 = 14;
Vb22 = 13;
Vb23 = 12;
Vb24 = 11;
Vg11 = 81;
Vg12 = 71;
Vg13 = 61;
Vg14 = 72;
Vg21 = 74;
Vg22 = 73;
Vg23 = 63;
Vr11 = 21;
Vr12 = 31;
Vr13 = 32;
Vr14 = 42;
Vr21 = 44;
Vr22 = 54;
Vr23 = 64;
Vr24 = 43;
Vy11 = 82;
Vy12 = 83;
Vy13 = 84;
Vy21 = 41;
Vy22 = 51;
Vy23 = 52;
Vy24 = 62;
Vy25 = 53;
----------
the excute time:18.951303005218506