% [junior/model14/model14.fzn]
% simple solver
% parse instance...
ANTLR Tool version 4.5 used for code generation does not match the current runtime version 4.8ANTLR Tool version 4.5 used for code generation does not match the current runtime version 4.8% solve instance...
% Model[model14.fzn_1], 422 variables, 774 constraints, building time: 0.667s, w/o user-defined search strategy, w/o complementary search strategy
Vb11 = 62;
Vb12 = 72;
Vb13 = 71;
Vb14 = 82;
Vb15 = 81;
Vb21 = 31;
Vb22 = 41;
Vb23 = 51;
Vb24 = 61;
Vg11 = 34;
Vg12 = 44;
Vg13 = 54;
Vg14 = 43;
Vg21 = 74;
Vg22 = 84;
Vg23 = 83;
Vr11 = 33;
Vr12 = 23;
Vr13 = 24;
Vr14 = 14;
Vr21 = 11;
Vr22 = 12;
Vr23 = 13;
Vr24 = 21;
Vy11 = 22;
Vy12 = 32;
Vy13 = 42;
Vy21 = 52;
Vy22 = 53;
Vy23 = 63;
Vy24 = 64;
Vy25 = 73;
----------
the excute time:1799.2654564380646