% solving(playingmode2/wizard/model4/model4.fzn)
% loading playingmode2/wizard/model4/model4.fzn
Vy1 = 221;
Vy2 = 321;
Vy3 = 421;
Vy4 = 311;
Vb11 = 533;
Vb12 = 532;
Vb13 = 432;
Vb14 = 543;
Vb15 = 522;
Vb21 = 121;
Vb22 = 122;
Vb23 = 111;
Vb24 = 211;
Vb25 = 132;
Vg21 = 422;
Vg22 = 322;
Vg23 = 222;
Vr11 = 511;
Vr12 = 411;
Vr13 = 521;
Vr21 = 144;
Vr22 = 244;
Vr23 = 143;
Vo1 = 233;
Vo2 = 133;
Vo3 = 243;
Vo4 = 232;
Vp1 = 443;
Vp2 = 444;
Vp3 = 544;
Vp4 = 433;
----------
the excute time:8.608302593231201