% [expert/model5/model5.fzn]
% simple solver
% parse instance...
ANTLR Tool version 4.5 used for code generation does not match the current runtime version 4.8ANTLR Tool version 4.5 used for code generation does not match the current runtime version 4.8% solve instance...
% Model[model5.fzn_1], 441 variables, 793 constraints, building time: 0.417s, w/o user-defined search strategy, w/o complementary search strategy
Vb11 = 34;
Vb12 = 24;
Vb13 = 23;
Vb14 = 14;
Vb15 = 13;
Vb21 = 42;
Vb22 = 32;
Vb23 = 22;
Vb24 = 12;
Vg11 = 61;
Vg12 = 71;
Vg13 = 81;
Vg14 = 72;
Vg21 = 73;
Vg22 = 83;
Vg23 = 82;
Vr11 = 33;
Vr12 = 43;
Vr13 = 44;
Vr14 = 54;
Vr21 = 64;
Vr22 = 74;
Vr23 = 84;
Vr24 = 63;
Vy11 = 11;
Vy12 = 21;
Vy13 = 31;
Vy21 = 41;
Vy22 = 51;
Vy23 = 52;
Vy24 = 62;
Vy25 = 53;
----------
the excute time:133.92048239707947