Academic license - for non-commercial use only
Vpr = 0;
Vpb1 = 0;
Vpb2 = 0;
Vpg1 = 44;
Vpg2 = 0;
Vpy1 = 22;
Vpy2 = 73;
Vb11 = 42;
Vb12 = 52;
Vb13 = 51;
Vb14 = 62;
Vb15 = 61;
Vb21 = 84;
Vb22 = 83;
Vb23 = 82;
Vb24 = 81;
Vg11 = 34;
Vg12 = 24;
Vg13 = 14;
Vg14 = 23;
Vg21 = 54;
Vg22 = 44;
Vg23 = 43;
Vr11 = 74;
Vr12 = 64;
Vr13 = 63;
Vr14 = 53;
Vr21 = 11;
Vr22 = 12;
Vr23 = 13;
Vr24 = 21;
Vy11 = 73;
Vy12 = 72;
Vy13 = 71;
Vy21 = 41;
Vy22 = 31;
Vy23 = 32;
Vy24 = 22;
Vy25 = 33;
% time elapsed: 638.07 s
----------
