% [playingmode2/expert/model1/model1.fzn]
% simple solver
% parse instance...
ANTLR Tool version 4.5 used for code generation does not match the current runtime version 4.8ANTLR Tool version 4.5 used for code generation does not match the current runtime version 4.8% solve instance...
% Model[model1.fzn_1], 498 variables, 712 constraints, building time: 0.297s, w/o user-defined search strategy, w/o complementary search strategy
Vy1 = 422;
Vy2 = 322;
Vy3 = 222;
Vy4 = 332;
Vb11 = 522;
Vb12 = 521;
Vb13 = 421;
Vb14 = 532;
Vb15 = 511;
Vg11 = 411;
Vg12 = 311;
Vg13 = 321;
Vg14 = 221;
Vg21 = 144;
Vg22 = 244;
Vg23 = 344;
Vr11 = 111;
Vr12 = 211;
Vr13 = 121;
Vr21 = 243;
Vr22 = 233;
Vr23 = 143;
Vp1 = 533;
Vp2 = 433;
Vp3 = 432;
Vp4 = 543;
----------
the excute time:4.462730407714844