Academic license - for non-commercial use only
Vpr = 61;
Vpb1 = 62;
Vpb2 = 0;
Vpg1 = 0;
Vpg2 = 0;
Vpy1 = 51;
Vpy2 = 52;
Vb11 = 53;
Vb12 = 63;
Vb13 = 62;
Vb14 = 73;
Vb15 = 72;
Vb21 = 34;
Vb22 = 44;
Vb23 = 54;
Vb24 = 64;
Vg11 = 11;
Vg12 = 12;
Vg13 = 13;
Vg14 = 22;
Vg21 = 74;
Vg22 = 84;
Vg23 = 83;
Vr11 = 33;
Vr12 = 23;
Vr13 = 24;
Vr14 = 14;
Vr21 = 81;
Vr22 = 71;
Vr23 = 61;
Vr24 = 82;
Vy11 = 21;
Vy12 = 31;
Vy13 = 41;
Vy21 = 51;
Vy22 = 52;
Vy23 = 42;
Vy24 = 43;
Vy25 = 32;
% time elapsed: 254.87 s
----------
