% [playingmode2/expert/model3/model3.fzn]
% simple solver
% parse instance...
ANTLR Tool version 4.5 used for code generation does not match the current runtime version 4.8ANTLR Tool version 4.5 used for code generation does not match the current runtime version 4.8% solve instance...
% Model[model3.fzn_1], 466 variables, 551 constraints, building time: 0.262s, w/o user-defined search strategy, w/o complementary search strategy
Vb11 = 232;
Vb12 = 222;
Vb13 = 322;
Vb14 = 233;
Vb15 = 221;
Vb21 = 321;
Vb22 = 311;
Vb23 = 421;
Vb24 = 422;
Vb25 = 211;
Vg11 = 132;
Vg12 = 122;
Vg13 = 121;
Vg14 = 111;
Vg21 = 332;
Vg22 = 432;
Vg23 = 532;
Vp1 = 511;
Vp2 = 521;
Vp3 = 522;
Vp4 = 411;
----------
the excute time:1.3563883304595947