% [playingmode2/expert/model7/model7.fzn]
% simple solver
% parse instance...
ANTLR Tool version 4.5 used for code generation does not match the current runtime version 4.8ANTLR Tool version 4.5 used for code generation does not match the current runtime version 4.8% solve instance...
% Model[model7.fzn_1], 452 variables, 530 constraints, building time: 0.425s, w/o user-defined search strategy, w/o complementary search strategy
Vy1 = 544;
Vy2 = 444;
Vy3 = 344;
Vy4 = 443;
Vb11 = 143;
Vb12 = 133;
Vb13 = 233;
Vb14 = 144;
Vb15 = 132;
Vr21 = 121;
Vr22 = 122;
Vr23 = 111;
Vo1 = 533;
Vo2 = 433;
Vo3 = 543;
Vo4 = 532;
Vp1 = 243;
Vp2 = 343;
Vp3 = 333;
Vp4 = 244;
----------
the excute time:3.2047901153564453