% [playingmode1/junior/model3/model3.fzn]
% simple solver
% parse instance...
ANTLR Tool version 4.5 used for code generation does not match the current runtime version 4.8ANTLR Tool version 4.5 used for code generation does not match the current runtime version 4.8% solve instance...
% Model[model3.fzn_1], 281 variables, 307 constraints, building time: 0.206s, w/o user-defined search strategy, w/o complementary search strategy
Vg11 = 211;
Vg12 = 221;
Vg13 = 121;
Vg14 = 131;
Vg21 = 115;
Vg22 = 114;
Vg23 = 113;
Vr21 = 141;
Vr22 = 241;
Vr23 = 151;
Vp1 = 112;
Vp2 = 212;
Vp3 = 222;
Vp4 = 111;
----------
the excute time:0.6290721893310547