Academic license - for non-commercial use only
Vpr = 71;
Vpb1 = 72;
Vpb2 = 0;
Vpg1 = 0;
Vpg2 = 0;
Vpy1 = 0;
Vpy2 = 0;
Vb11 = 81;
Vb12 = 82;
Vb13 = 72;
Vb14 = 83;
Vb15 = 73;
Vb21 = 14;
Vb22 = 24;
Vb23 = 34;
Vb24 = 44;
Vg11 = 11;
Vg12 = 21;
Vg13 = 31;
Vg14 = 22;
Vg21 = 12;
Vg22 = 13;
Vg23 = 23;
Vr11 = 41;
Vr12 = 42;
Vr13 = 32;
Vr14 = 33;
Vr21 = 51;
Vr22 = 61;
Vr23 = 71;
Vr24 = 52;
Vy11 = 84;
Vy12 = 74;
Vy13 = 64;
Vy21 = 62;
Vy22 = 63;
Vy23 = 53;
Vy24 = 54;
Vy25 = 43;
% time elapsed: 1454.40 s
----------
