% [playingmode1/master/model4/model4.fzn]
% simple solver
% parse instance...
ANTLR Tool version 4.5 used for code generation does not match the current runtime version 4.8ANTLR Tool version 4.5 used for code generation does not match the current runtime version 4.8% solve instance...
% Model[model4.fzn_1], 481 variables, 595 constraints, building time: 0.244s, w/o user-defined search strategy, w/o complementary search strategy
Vy1 = 111;
Vy2 = 121;
Vy3 = 131;
Vy4 = 122;
Vb21 = 223;
Vb22 = 222;
Vb23 = 213;
Vb24 = 113;
Vb25 = 232;
Vg21 = 311;
Vg22 = 411;
Vg23 = 511;
Vr11 = 114;
Vr12 = 214;
Vr13 = 115;
Vr21 = 123;
Vr22 = 133;
Vr23 = 124;
Vp1 = 212;
Vp2 = 211;
Vp3 = 221;
Vp4 = 112;
----------
the excute time:53.52453088760376