Academic license - for non-commercial use only
Vpr = 0;
Vpb1 = 62;
Vpb2 = 74;
Vpg1 = 42;
Vpg2 = 71;
Vpy1 = 23;
Vpy2 = 0;
Vb11 = 82;
Vb12 = 83;
Vb13 = 73;
Vb14 = 84;
Vb15 = 74;
Vb21 = 64;
Vb22 = 63;
Vb23 = 62;
Vb24 = 61;
Vg11 = 53;
Vg12 = 52;
Vg13 = 51;
Vg14 = 42;
Vg21 = 81;
Vg22 = 71;
Vg23 = 72;
Vr11 = 33;
Vr12 = 43;
Vr13 = 44;
Vr14 = 54;
Vr21 = 14;
Vr22 = 24;
Vr23 = 34;
Vr24 = 13;
Vy11 = 21;
Vy12 = 31;
Vy13 = 41;
Vy21 = 11;
Vy22 = 12;
Vy23 = 22;
Vy24 = 23;
Vy25 = 32;
% time elapsed: 65.00 s
----------
