% [start/model19/model19.fzn]
% simple solver
% parse instance...
ANTLR Tool version 4.5 used for code generation does not match the current runtime version 4.8ANTLR Tool version 4.5 used for code generation does not match the current runtime version 4.8% solve instance...
% Model[model19.fzn_1], 445 variables, 797 constraints, building time: 0.254s, w/o user-defined search strategy, w/o complementary search strategy
Vb11 = 83;
Vb12 = 82;
Vb13 = 72;
Vb14 = 81;
Vb15 = 71;
Vb21 = 44;
Vb22 = 34;
Vb23 = 24;
Vb24 = 14;
Vg11 = 64;
Vg12 = 74;
Vg13 = 84;
Vg14 = 73;
Vg21 = 51;
Vg22 = 61;
Vg23 = 62;
Vr11 = 22;
Vr12 = 32;
Vr13 = 31;
Vr14 = 41;
Vr21 = 11;
Vr22 = 12;
Vr23 = 13;
Vr24 = 21;
Vy11 = 23;
Vy12 = 33;
Vy13 = 43;
Vy21 = 42;
Vy22 = 52;
Vy23 = 53;
Vy24 = 63;
Vy25 = 54;
----------
the excute time:0.860924482345581