% [playingmode1/expert/model8/model8.fzn]
% simple solver
% parse instance...
ANTLR Tool version 4.5 used for code generation does not match the current runtime version 4.8ANTLR Tool version 4.5 used for code generation does not match the current runtime version 4.8% solve instance...
% Model[model8.fzn_1], 425 variables, 512 constraints, building time: 0.269s, w/o user-defined search strategy, w/o complementary search strategy
Vb11 = 212;
Vb12 = 112;
Vb13 = 122;
Vb14 = 211;
Vb15 = 113;
Vb21 = 221;
Vb22 = 222;
Vb23 = 121;
Vb24 = 111;
Vb25 = 322;
Vg21 = 131;
Vg22 = 141;
Vg23 = 151;
Vr21 = 114;
Vr22 = 115;
Vr23 = 214;
Vo1 = 132;
Vo2 = 232;
Vo3 = 142;
Vo4 = 133;
----------
the excute time:1.2947783470153809