% [playingmode1/junior/model6/model6.fzn]
% simple solver
% parse instance...
ANTLR Tool version 4.5 used for code generation does not match the current runtime version 4.8ANTLR Tool version 4.5 used for code generation does not match the current runtime version 4.8% solve instance...
% Model[model6.fzn_1], 357 variables, 409 constraints, building time: 0.213s, w/o user-defined search strategy, w/o complementary search strategy
Vb11 = 122;
Vb12 = 112;
Vb13 = 212;
Vb14 = 123;
Vb15 = 111;
Vb21 = 241;
Vb22 = 141;
Vb23 = 231;
Vb24 = 232;
Vb25 = 151;
Vg11 = 211;
Vg12 = 221;
Vg13 = 121;
Vg14 = 131;
Vg21 = 313;
Vg22 = 213;
Vg23 = 113;
----------
the excute time:0.6640636920928955