% [playingmode1/wizard/model2/model2.fzn]
% simple solver
% parse instance...
ANTLR Tool version 4.5 used for code generation does not match the current runtime version 4.8ANTLR Tool version 4.5 used for code generation does not match the current runtime version 4.8% solve instance...
% Model[model2.fzn_1], 592 variables, 796 constraints, building time: 0.232s, w/o user-defined search strategy, w/o complementary search strategy
Vb11 = 313;
Vb12 = 213;
Vb13 = 223;
Vb14 = 312;
Vb15 = 214;
Vb21 = 232;
Vb22 = 222;
Vb23 = 132;
Vb24 = 131;
Vb25 = 322;
Vg21 = 115;
Vg22 = 114;
Vg23 = 113;
Vr11 = 211;
Vr12 = 311;
Vr13 = 212;
Vr21 = 141;
Vr22 = 142;
Vr23 = 151;
Vo1 = 411;
Vo2 = 511;
Vo3 = 421;
Vo4 = 412;
Vp1 = 121;
Vp2 = 111;
Vp3 = 112;
Vp4 = 221;
----------
the excute time:33.93029236793518