Academic license - for non-commercial use only
Vpr = 0;
Vpb1 = 62;
Vpb2 = 64;
Vpg1 = 12;
Vpg2 = 33;
Vpy1 = 0;
Vpy2 = 0;
Vb11 = 53;
Vb12 = 63;
Vb13 = 62;
Vb14 = 73;
Vb15 = 72;
Vb21 = 84;
Vb22 = 74;
Vb23 = 64;
Vb24 = 54;
Vg11 = 24;
Vg12 = 34;
Vg13 = 44;
Vg14 = 33;
Vg21 = 21;
Vg22 = 11;
Vg23 = 12;
Vr11 = 14;
Vr12 = 13;
Vr13 = 23;
Vr14 = 22;
Vr21 = 81;
Vr22 = 82;
Vr23 = 83;
Vr24 = 71;
Vy11 = 41;
Vy12 = 51;
Vy13 = 61;
Vy21 = 31;
Vy22 = 32;
Vy23 = 42;
Vy24 = 43;
Vy25 = 52;
% time elapsed: 156.30 s
----------
