% [playingmode2/master/model4/model4.fzn]
% simple solver
% parse instance...
ANTLR Tool version 4.5 used for code generation does not match the current runtime version 4.8ANTLR Tool version 4.5 used for code generation does not match the current runtime version 4.8% solve instance...
% Model[model4.fzn_1], 537 variables, 739 constraints, building time: 0.425s, w/o user-defined search strategy, w/o complementary search strategy
Vy1 = 544;
Vy2 = 444;
Vy3 = 344;
Vy4 = 443;
Vb11 = 532;
Vb12 = 533;
Vb13 = 433;
Vb14 = 522;
Vb15 = 543;
Vg21 = 511;
Vg22 = 411;
Vg23 = 311;
Vr11 = 133;
Vr12 = 233;
Vr13 = 143;
Vr21 = 111;
Vr22 = 121;
Vr23 = 211;
Vo1 = 332;
Vo2 = 322;
Vo3 = 333;
Vo4 = 232;
Vp1 = 422;
Vp2 = 421;
Vp3 = 521;
Vp4 = 432;
----------
the excute time:7.283100366592407