% [playingmode1/expert/model1/model1.fzn]
% simple solver
% parse instance...
ANTLR Tool version 4.5 used for code generation does not match the current runtime version 4.8ANTLR Tool version 4.5 used for code generation does not match the current runtime version 4.8% solve instance...
% Model[model1.fzn_1], 333 variables, 431 constraints, building time: 0.279s, w/o user-defined search strategy, w/o complementary search strategy
Vb21 = 133;
Vb22 = 123;
Vb23 = 132;
Vb24 = 232;
Vb25 = 124;
Vg11 = 131;
Vg12 = 121;
Vg13 = 122;
Vg14 = 112;
Vg21 = 113;
Vg22 = 114;
Vg23 = 115;
Vr21 = 211;
Vr22 = 212;
Vr23 = 111;
Vo1 = 141;
Vo2 = 241;
Vo3 = 151;
Vo4 = 142;
----------
the excute time:1.8174858093261719