% [playingmode2/master/model8/model8.fzn]
% simple solver
% parse instance...
ANTLR Tool version 4.5 used for code generation does not match the current runtime version 4.8ANTLR Tool version 4.5 used for code generation does not match the current runtime version 4.8% solve instance...
% Model[model8.fzn_1], 555 variables, 709 constraints, building time: 0.647s, w/o user-defined search strategy, w/o complementary search strategy
Vy1 = 211;
Vy2 = 311;
Vy3 = 411;
Vy4 = 321;
Vb11 = 422;
Vb12 = 432;
Vb13 = 532;
Vb14 = 421;
Vb15 = 433;
Vb21 = 122;
Vb22 = 121;
Vb23 = 132;
Vb24 = 232;
Vb25 = 111;
Vg11 = 443;
Vg12 = 343;
Vg13 = 333;
Vg14 = 233;
Vg21 = 444;
Vg22 = 344;
Vg23 = 244;
Vp1 = 222;
Vp2 = 322;
Vp3 = 332;
Vp4 = 221;
----------
the excute time:11.510610103607178