% [expert/model18/model18.fzn]
% simple solver
% parse instance...
ANTLR Tool version 4.5 used for code generation does not match the current runtime version 4.8ANTLR Tool version 4.5 used for code generation does not match the current runtime version 4.8% solve instance...
% Model[model18.fzn_1], 430 variables, 782 constraints, building time: 0.463s, w/o user-defined search strategy, w/o complementary search strategy
Vb11 = 22;
Vb12 = 32;
Vb13 = 33;
Vb14 = 42;
Vb15 = 43;
Vb21 = 44;
Vb22 = 54;
Vb23 = 64;
Vb24 = 74;
Vg11 = 14;
Vg12 = 24;
Vg13 = 34;
Vg14 = 23;
Vg21 = 71;
Vg22 = 81;
Vg23 = 82;
Vr11 = 61;
Vr12 = 62;
Vr13 = 52;
Vr14 = 53;
Vr21 = 11;
Vr22 = 12;
Vr23 = 13;
Vr24 = 21;
Vy11 = 51;
Vy12 = 41;
Vy13 = 31;
Vy21 = 84;
Vy22 = 83;
Vy23 = 73;
Vy24 = 72;
Vy25 = 63;
----------
the excute time:2.634988784790039