Academic license - for non-commercial use only
Vpr = 33;
Vpb1 = 52;
Vpb2 = 0;
Vpg1 = 71;
Vpg2 = 81;
Vpy1 = 74;
Vpy2 = 84;
Vb11 = 41;
Vb12 = 51;
Vb13 = 52;
Vb14 = 61;
Vb15 = 62;
Vb21 = 44;
Vb22 = 34;
Vb23 = 24;
Vb24 = 14;
Vg11 = 31;
Vg12 = 21;
Vg13 = 11;
Vg14 = 22;
Vg21 = 82;
Vg22 = 81;
Vg23 = 71;
Vr11 = 53;
Vr12 = 43;
Vr13 = 42;
Vr14 = 32;
Vr21 = 13;
Vr22 = 23;
Vr23 = 33;
Vr24 = 12;
Vy11 = 74;
Vy12 = 64;
Vy13 = 54;
Vy21 = 84;
Vy22 = 83;
Vy23 = 73;
Vy24 = 72;
Vy25 = 63;
% time elapsed: 115.07 s
----------
