Academic license - for non-commercial use only
Vpr = 0;
Vpb1 = 31;
Vpb2 = 71;
Vpg1 = 22;
Vpg2 = 73;
Vpy1 = 43;
Vpy2 = 54;
Vb11 = 83;
Vb12 = 82;
Vb13 = 72;
Vb14 = 81;
Vb15 = 71;
Vb21 = 11;
Vb22 = 21;
Vb23 = 31;
Vb24 = 41;
Vg11 = 64;
Vg12 = 74;
Vg13 = 84;
Vg14 = 73;
Vg21 = 13;
Vg22 = 12;
Vg23 = 22;
Vr11 = 33;
Vr12 = 23;
Vr13 = 24;
Vr14 = 14;
Vr21 = 63;
Vr22 = 62;
Vr23 = 61;
Vr24 = 53;
Vy11 = 54;
Vy12 = 44;
Vy13 = 34;
Vy21 = 51;
Vy22 = 52;
Vy23 = 42;
Vy24 = 43;
Vy25 = 32;
% time elapsed: 56.25 s
----------
