Academic license - for non-commercial use only
Vpr = 81;
Vpb1 = 21;
Vpb2 = 22;
Vpg1 = 14;
Vpg2 = 23;
Vpy1 = 42;
Vpy2 = 51;
Vb11 = 13;
Vb12 = 12;
Vb13 = 22;
Vb14 = 11;
Vb15 = 21;
Vb21 = 54;
Vb22 = 64;
Vb23 = 74;
Vb24 = 84;
Vg11 = 34;
Vg12 = 24;
Vg13 = 14;
Vg14 = 23;
Vg21 = 41;
Vg22 = 31;
Vg23 = 32;
Vr11 = 72;
Vr12 = 62;
Vr13 = 63;
Vr14 = 53;
Vr21 = 83;
Vr22 = 82;
Vr23 = 81;
Vr24 = 73;
Vy11 = 51;
Vy12 = 61;
Vy13 = 71;
Vy21 = 52;
Vy22 = 42;
Vy23 = 43;
Vy24 = 33;
Vy25 = 44;
% time elapsed: 69.95 s
----------
