% [playingmode1/expert/model5/model5.fzn]
% simple solver
% parse instance...
ANTLR Tool version 4.5 used for code generation does not match the current runtime version 4.8ANTLR Tool version 4.5 used for code generation does not match the current runtime version 4.8% solve instance...
% Model[model5.fzn_1], 423 variables, 486 constraints, building time: 0.236s, w/o user-defined search strategy, w/o complementary search strategy
Vy1 = 113;
Vy2 = 123;
Vy3 = 133;
Vy4 = 124;
Vg11 = 111;
Vg12 = 121;
Vg13 = 122;
Vg14 = 132;
Vg21 = 131;
Vg22 = 231;
Vg23 = 331;
Vo1 = 141;
Vo2 = 151;
Vo3 = 142;
Vo4 = 241;
Vp1 = 211;
Vp2 = 311;
Vp3 = 312;
Vp4 = 221;
----------
the excute time:1.8709874153137207