% solving(playingmode2/wizard/model1/model1.fzn)
% loading playingmode2/wizard/model1/model1.fzn
Vy1 = 344;
Vy2 = 444;
Vy3 = 544;
Vy4 = 443;
Vb11 = 143;
Vb12 = 133;
Vb13 = 233;
Vb14 = 144;
Vb15 = 132;
Vb21 = 322;
Vb22 = 321;
Vb23 = 222;
Vb24 = 232;
Vb25 = 421;
Vg11 = 532;
Vg12 = 522;
Vg13 = 521;
Vg14 = 511;
Vg21 = 211;
Vg22 = 311;
Vg23 = 411;
Vr11 = 432;
Vr12 = 422;
Vr13 = 332;
Vr21 = 533;
Vr22 = 433;
Vr23 = 543;
Vo1 = 121;
Vo2 = 221;
Vo3 = 122;
Vo4 = 111;
----------
the excute time:19.171340703964233