% [junior/model3/model3.fzn]
% simple solver
% parse instance...
ANTLR Tool version 4.5 used for code generation does not match the current runtime version 4.8ANTLR Tool version 4.5 used for code generation does not match the current runtime version 4.8% solve instance...
% Model[model3.fzn_1], 431 variables, 783 constraints, building time: 0.371s, w/o user-defined search strategy, w/o complementary search strategy
Vb11 = 71;
Vb12 = 61;
Vb13 = 62;
Vb14 = 51;
Vb15 = 52;
Vb21 = 11;
Vb22 = 12;
Vb23 = 13;
Vb24 = 14;
Vg11 = 83;
Vg12 = 82;
Vg13 = 81;
Vg14 = 72;
Vg21 = 33;
Vg22 = 34;
Vg23 = 24;
Vr11 = 63;
Vr12 = 73;
Vr13 = 74;
Vr14 = 84;
Vr21 = 21;
Vr22 = 22;
Vr23 = 23;
Vr24 = 31;
Vy11 = 64;
Vy12 = 54;
Vy13 = 44;
Vy21 = 53;
Vy22 = 43;
Vy23 = 42;
Vy24 = 32;
Vy25 = 41;
----------
the excute time:6.214563846588135