Academic license - for non-commercial use only
Vpr = 73;
Vpb1 = 62;
Vpb2 = 0;
Vpg1 = 0;
Vpg2 = 0;
Vpy1 = 53;
Vpy2 = 64;
Vb11 = 71;
Vb12 = 61;
Vb13 = 62;
Vb14 = 51;
Vb15 = 52;
Vb21 = 14;
Vb22 = 13;
Vb23 = 12;
Vb24 = 11;
Vg11 = 81;
Vg12 = 82;
Vg13 = 83;
Vg14 = 72;
Vg21 = 24;
Vg22 = 34;
Vg23 = 33;
Vr11 = 63;
Vr12 = 73;
Vr13 = 74;
Vr14 = 84;
Vr21 = 21;
Vr22 = 22;
Vr23 = 23;
Vr24 = 31;
Vy11 = 64;
Vy12 = 54;
Vy13 = 44;
Vy21 = 53;
Vy22 = 43;
Vy23 = 42;
Vy24 = 32;
Vy25 = 41;
% time elapsed: 86.18 s
----------
