Chuffed
Vpr = 33;
Vpb1 = 63;
Vpb2 = 0;
Vpg1 = 53;
Vpg2 = 0;
Vpy1 = 43;
Vpy2 = 0;
Vb11 = 82;
Vb12 = 72;
Vb13 = 73;
Vb14 = 62;
Vb15 = 63;
Vb21 = 41;
Vb22 = 31;
Vb23 = 21;
Vb24 = 11;
Vg11 = 64;
Vg12 = 54;
Vg13 = 44;
Vg14 = 53;
Vg21 = 74;
Vg22 = 84;
Vg23 = 83;
Vr11 = 34;
Vr12 = 33;
Vr13 = 23;
Vr14 = 22;
Vr21 = 14;
Vr22 = 13;
Vr23 = 12;
Vr24 = 24;
Vy11 = 81;
Vy12 = 71;
Vy13 = 61;
Vy21 = 51;
Vy22 = 52;
Vy23 = 42;
Vy24 = 43;
Vy25 = 32;
% time elapsed: 5.12 s
----------
Yuck
timeout-1minutes
or-tool
Vpr = 33;
Vpb1 = 63;
Vpb2 = 0;
Vpg1 = 53;
Vpg2 = 0;
Vpy1 = 43;
Vpy2 = 0;
Vb11 = 82;
Vb12 = 72;
Vb13 = 73;
Vb14 = 62;
Vb15 = 63;
Vb21 = 11;
Vb22 = 21;
Vb23 = 31;
Vb24 = 41;
Vg11 = 44;
Vg12 = 54;
Vg13 = 64;
Vg14 = 53;
Vg21 = 74;
Vg22 = 84;
Vg23 = 83;
Vr11 = 34;
Vr12 = 33;
Vr13 = 23;
Vr14 = 22;
Vr21 = 14;
Vr22 = 13;
Vr23 = 12;
Vr24 = 24;
Vy11 = 61;
Vy12 = 71;
Vy13 = 81;
Vy21 = 51;
Vy22 = 52;
Vy23 = 42;
Vy24 = 43;
Vy25 = 32;
% time elapsed: 46.52 s
----------
==========
% time elapsed: 46.52 s
coin-bc
timeout-1minutes
gurobi
timeout-1minutes
