Chuffed
Vpr = 0;
Vpb1 = 61;
Vpb2 = 0;
Vpg1 = 43;
Vpg2 = 0;
Vpy1 = 41;
Vpy2 = 62;
Vb11 = 82;
Vb12 = 83;
Vb13 = 73;
Vb14 = 84;
Vb15 = 74;
Vb21 = 81;
Vb22 = 71;
Vb23 = 61;
Vb24 = 51;
Vg11 = 34;
Vg12 = 44;
Vg13 = 54;
Vg14 = 43;
Vg21 = 24;
Vg22 = 14;
Vg23 = 13;
Vr11 = 23;
Vr12 = 22;
Vr13 = 12;
Vr14 = 11;
Vr21 = 32;
Vr22 = 42;
Vr23 = 52;
Vr24 = 33;
Vy11 = 41;
Vy12 = 31;
Vy13 = 21;
Vy21 = 72;
Vy22 = 62;
Vy23 = 63;
Vy24 = 53;
Vy25 = 64;
% time elapsed: 0.38 s
----------
Yuck
timeout-1minutes
or-tool
Vpr = 0;
Vpb1 = 61;
Vpb2 = 0;
Vpg1 = 43;
Vpg2 = 0;
Vpy1 = 41;
Vpy2 = 62;
Vb11 = 22;
Vb12 = 23;
Vb13 = 13;
Vb14 = 24;
Vb15 = 14;
Vb21 = 81;
Vb22 = 71;
Vb23 = 61;
Vb24 = 51;
Vg11 = 34;
Vg12 = 44;
Vg13 = 54;
Vg14 = 43;
Vg21 = 73;
Vg22 = 83;
Vg23 = 84;
Vr11 = 53;
Vr12 = 63;
Vr13 = 64;
Vr14 = 74;
Vr21 = 11;
Vr22 = 21;
Vr23 = 31;
Vr24 = 12;
Vy11 = 62;
Vy12 = 72;
Vy13 = 82;
Vy21 = 33;
Vy22 = 32;
Vy23 = 42;
Vy24 = 41;
Vy25 = 52;
% time elapsed: 7.55 s
----------
==========
% time elapsed: 7.55 s
coin-bc
timeout-1minutes
gurobi
timeout-1minutes
