Chuffed
Vpr = 54;
Vpb1 = 0;
Vpb2 = 0;
Vpg1 = 22;
Vpg2 = 83;
Vpy1 = 52;
Vpy2 = 0;
Vb11 = 73;
Vb12 = 72;
Vb13 = 82;
Vb14 = 71;
Vb15 = 81;
Vb21 = 61;
Vb22 = 62;
Vb23 = 63;
Vb24 = 64;
Vg11 = 11;
Vg12 = 12;
Vg13 = 13;
Vg14 = 22;
Vg21 = 74;
Vg22 = 84;
Vg23 = 83;
Vr11 = 14;
Vr12 = 24;
Vr13 = 23;
Vr14 = 33;
Vr21 = 54;
Vr22 = 44;
Vr23 = 34;
Vr24 = 53;
Vy11 = 21;
Vy12 = 31;
Vy13 = 41;
Vy21 = 51;
Vy22 = 52;
Vy23 = 42;
Vy24 = 43;
Vy25 = 32;
% time elapsed: 3.99 s
----------
Yuck
timeout- 5 minutes
or-tool
Vpr = 54;
Vpb1 = 0;
Vpb2 = 0;
Vpg1 = 22;
Vpg2 = 83;
Vpy1 = 52;
Vpy2 = 0;
Vb11 = 73;
Vb12 = 72;
Vb13 = 82;
Vb14 = 71;
Vb15 = 81;
Vb21 = 61;
Vb22 = 62;
Vb23 = 63;
Vb24 = 64;
Vg11 = 11;
Vg12 = 12;
Vg13 = 13;
Vg14 = 22;
Vg21 = 74;
Vg22 = 84;
Vg23 = 83;
Vr11 = 14;
Vr12 = 24;
Vr13 = 23;
Vr14 = 33;
Vr21 = 54;
Vr22 = 44;
Vr23 = 34;
Vr24 = 53;
Vy11 = 21;
Vy12 = 31;
Vy13 = 41;
Vy21 = 51;
Vy22 = 52;
Vy23 = 42;
Vy24 = 43;
Vy25 = 32;
% time elapsed: 89.25 s
----------
==========
% time elapsed: 89.25 s
coin-bc
timeout- 5 minutes
gurobi
timeout- 5 minutes
