Chuffed
Vpr = 12;
Vpb1 = 72;
Vpb2 = 82;
Vpg1 = 22;
Vpg2 = 84;
Vpy1 = 54;
Vpy2 = 0;
Vb11 = 61;
Vb12 = 71;
Vb13 = 72;
Vb14 = 81;
Vb15 = 82;
Vb21 = 53;
Vb22 = 43;
Vb23 = 33;
Vb24 = 23;
Vg11 = 11;
Vg12 = 21;
Vg13 = 31;
Vg14 = 22;
Vg21 = 83;
Vg22 = 84;
Vg23 = 74;
Vr11 = 51;
Vr12 = 41;
Vr13 = 42;
Vr14 = 32;
Vr21 = 14;
Vr22 = 13;
Vr23 = 12;
Vr24 = 24;
Vy11 = 54;
Vy12 = 44;
Vy13 = 34;
Vy21 = 52;
Vy22 = 62;
Vy23 = 63;
Vy24 = 73;
Vy25 = 64;
% time elapsed: 1.08 s
----------
Yuck
timeout-1minutes
or-tool
Vpr = 12;
Vpb1 = 72;
Vpb2 = 82;
Vpg1 = 22;
Vpg2 = 84;
Vpy1 = 54;
Vpy2 = 0;
Vb11 = 61;
Vb12 = 71;
Vb13 = 72;
Vb14 = 81;
Vb15 = 82;
Vb21 = 23;
Vb22 = 33;
Vb23 = 43;
Vb24 = 53;
Vg11 = 11;
Vg12 = 21;
Vg13 = 31;
Vg14 = 22;
Vg21 = 74;
Vg22 = 84;
Vg23 = 83;
Vr11 = 32;
Vr12 = 42;
Vr13 = 41;
Vr14 = 51;
Vr21 = 14;
Vr22 = 13;
Vr23 = 12;
Vr24 = 24;
Vy11 = 54;
Vy12 = 44;
Vy13 = 34;
Vy21 = 52;
Vy22 = 62;
Vy23 = 63;
Vy24 = 73;
Vy25 = 64;
% time elapsed: 2.15 s
----------
==========
% time elapsed: 2.15 s
coin-bc
timeout-1minutes
gurobi
timeout-1minutes
