Chuffed
Vpr = 61;
Vpb1 = 52;
Vpb2 = 0;
Vpg1 = 54;
Vpg2 = 0;
Vpy1 = 0;
Vpy2 = 0;
Vb11 = 13;
Vb12 = 12;
Vb13 = 22;
Vb14 = 11;
Vb15 = 21;
Vb21 = 32;
Vb22 = 42;
Vb23 = 52;
Vb24 = 62;
Vg11 = 34;
Vg12 = 44;
Vg13 = 54;
Vg14 = 43;
Vg21 = 74;
Vg22 = 84;
Vg23 = 83;
Vr11 = 14;
Vr12 = 24;
Vr13 = 23;
Vr14 = 33;
Vr21 = 81;
Vr22 = 71;
Vr23 = 61;
Vr24 = 82;
Vy11 = 31;
Vy12 = 41;
Vy13 = 51;
Vy21 = 72;
Vy22 = 73;
Vy23 = 63;
Vy24 = 64;
Vy25 = 53;
% time elapsed: 6.61 s
----------
Yuck
timeout- 5 minutes
or-tool
Vpr = 61;
Vpb1 = 52;
Vpb2 = 0;
Vpg1 = 54;
Vpg2 = 0;
Vpy1 = 0;
Vpy2 = 0;
Vb11 = 13;
Vb12 = 12;
Vb13 = 22;
Vb14 = 11;
Vb15 = 21;
Vb21 = 32;
Vb22 = 42;
Vb23 = 52;
Vb24 = 62;
Vg11 = 34;
Vg12 = 44;
Vg13 = 54;
Vg14 = 43;
Vg21 = 74;
Vg22 = 84;
Vg23 = 83;
Vr11 = 14;
Vr12 = 24;
Vr13 = 23;
Vr14 = 33;
Vr21 = 81;
Vr22 = 71;
Vr23 = 61;
Vr24 = 82;
Vy11 = 31;
Vy12 = 41;
Vy13 = 51;
Vy21 = 72;
Vy22 = 73;
Vy23 = 63;
Vy24 = 64;
Vy25 = 53;
% time elapsed: 22.89 s
----------
==========
% time elapsed: 22.89 s
coin-bc
timeout- 5 minutes
gurobi
timeout- 5 minutes
