Chuffed
Vpr = 31;
Vpb1 = 51;
Vpb2 = 0;
Vpg1 = 34;
Vpg2 = 0;
Vpy1 = 54;
Vpy2 = 0;
Vb11 = 72;
Vb12 = 62;
Vb13 = 61;
Vb14 = 52;
Vb15 = 51;
Vb21 = 53;
Vb22 = 63;
Vb23 = 73;
Vb24 = 83;
Vg11 = 14;
Vg12 = 24;
Vg13 = 34;
Vg14 = 23;
Vg21 = 71;
Vg22 = 81;
Vg23 = 82;
Vr11 = 41;
Vr12 = 31;
Vr13 = 32;
Vr14 = 22;
Vr21 = 11;
Vr22 = 12;
Vr23 = 13;
Vr24 = 21;
Vy11 = 64;
Vy12 = 74;
Vy13 = 84;
Vy21 = 54;
Vy22 = 44;
Vy23 = 43;
Vy24 = 33;
Vy25 = 42;
% time elapsed: 10.68 s
----------
Yuck
timeout- 5 minutes
or-tool
Vpr = 31;
Vpb1 = 51;
Vpb2 = 0;
Vpg1 = 34;
Vpg2 = 0;
Vpy1 = 54;
Vpy2 = 0;
Vb11 = 72;
Vb12 = 62;
Vb13 = 61;
Vb14 = 52;
Vb15 = 51;
Vb21 = 53;
Vb22 = 63;
Vb23 = 73;
Vb24 = 83;
Vg11 = 14;
Vg12 = 24;
Vg13 = 34;
Vg14 = 23;
Vg21 = 71;
Vg22 = 81;
Vg23 = 82;
Vr11 = 41;
Vr12 = 31;
Vr13 = 32;
Vr14 = 22;
Vr21 = 11;
Vr22 = 12;
Vr23 = 13;
Vr24 = 21;
Vy11 = 64;
Vy12 = 74;
Vy13 = 84;
Vy21 = 54;
Vy22 = 44;
Vy23 = 43;
Vy24 = 33;
Vy25 = 42;
% time elapsed: 83.97 s
----------
==========
% time elapsed: 83.97 s
coin-bc
timeout- 5 minutes
gurobi
timeout- 5 minutes
