Chuffed
Vpr = 64;
Vpb1 = 0;
Vpb2 = 0;
Vpg1 = 61;
Vpg2 = 63;
Vpy1 = 62;
Vpy2 = 0;
Vb11 = 22;
Vb12 = 23;
Vb13 = 33;
Vb14 = 24;
Vb15 = 34;
Vb21 = 11;
Vb22 = 12;
Vb23 = 13;
Vb24 = 14;
Vg11 = 81;
Vg12 = 71;
Vg13 = 61;
Vg14 = 72;
Vg21 = 74;
Vg22 = 73;
Vg23 = 63;
Vr11 = 42;
Vr12 = 32;
Vr13 = 31;
Vr14 = 21;
Vr21 = 44;
Vr22 = 54;
Vr23 = 64;
Vr24 = 43;
Vy11 = 82;
Vy12 = 83;
Vy13 = 84;
Vy21 = 41;
Vy22 = 51;
Vy23 = 52;
Vy24 = 62;
Vy25 = 53;
% time elapsed: 0.97 s
----------
Yuck
timeout-1minutes
or-tool
Vpr = 64;
Vpb1 = 0;
Vpb2 = 0;
Vpg1 = 61;
Vpg2 = 63;
Vpy1 = 62;
Vpy2 = 0;
Vb11 = 22;
Vb12 = 23;
Vb13 = 33;
Vb14 = 24;
Vb15 = 34;
Vb21 = 11;
Vb22 = 12;
Vb23 = 13;
Vb24 = 14;
Vg11 = 81;
Vg12 = 71;
Vg13 = 61;
Vg14 = 72;
Vg21 = 74;
Vg22 = 73;
Vg23 = 63;
Vr11 = 21;
Vr12 = 31;
Vr13 = 32;
Vr14 = 42;
Vr21 = 44;
Vr22 = 54;
Vr23 = 64;
Vr24 = 43;
Vy11 = 82;
Vy12 = 83;
Vy13 = 84;
Vy21 = 41;
Vy22 = 51;
Vy23 = 52;
Vy24 = 62;
Vy25 = 53;
% time elapsed: 3.64 s
----------
==========
% time elapsed: 3.64 s
coin-bc
timeout-1minutes
gurobi
timeout-1minutes
