Chuffed
Vpr = 0;
Vpb1 = 0;
Vpb2 = 0;
Vpg1 = 64;
Vpg2 = 83;
Vpy1 = 43;
Vpy2 = 62;
Vb11 = 31;
Vb12 = 21;
Vb13 = 22;
Vb14 = 11;
Vb15 = 12;
Vb21 = 41;
Vb22 = 51;
Vb23 = 61;
Vb24 = 71;
Vg11 = 81;
Vg12 = 82;
Vg13 = 83;
Vg14 = 72;
Vg21 = 53;
Vg22 = 54;
Vg23 = 64;
Vr11 = 84;
Vr12 = 74;
Vr13 = 73;
Vr14 = 63;
Vr21 = 14;
Vr22 = 24;
Vr23 = 34;
Vr24 = 13;
Vy11 = 62;
Vy12 = 52;
Vy13 = 42;
Vy21 = 44;
Vy22 = 43;
Vy23 = 33;
Vy24 = 32;
Vy25 = 23;
% time elapsed: 3.11 s
----------
Yuck
timeout-1minutes
or-tool
timeout-1minutes
coin-bc
timeout-1minutes
gurobi
timeout-1minutes
