% [playingmode2/junior/model1/model1.fzn]
% simple solver
% parse instance...
ANTLR Tool version 4.5 used for code generation does not match the current runtime version 4.8ANTLR Tool version 4.5 used for code generation does not match the current runtime version 4.8% solve instance...
% Model[model1.fzn_1], 328 variables, 413 constraints, building time: 0.257s, w/o user-defined search strategy, w/o complementary search strategy
Vy1 = 211;
Vy2 = 311;
Vy3 = 411;
Vy4 = 321;
Vb21 = 233;
Vb22 = 243;
Vb23 = 333;
Vb24 = 332;
Vb25 = 143;
Vg21 = 144;
Vg22 = 244;
Vg23 = 344;
Vr11 = 533;
Vr12 = 433;
Vr13 = 543;
Vr21 = 422;
Vr22 = 322;
Vr23 = 432;
----------
the excute time:0.9574687480926514