Academic license - for non-commercial use only
Vpr = 0;
Vpb1 = 82;
Vpb2 = 0;
Vpg1 = 64;
Vpg2 = 0;
Vpy1 = 23;
Vpy2 = 62;
Vb11 = 61;
Vb12 = 71;
Vb13 = 72;
Vb14 = 81;
Vb15 = 82;
Vb21 = 51;
Vb22 = 41;
Vb23 = 31;
Vb24 = 21;
Vg11 = 53;
Vg12 = 63;
Vg13 = 73;
Vg14 = 64;
Vg21 = 83;
Vg22 = 84;
Vg23 = 74;
Vr11 = 54;
Vr12 = 44;
Vr13 = 43;
Vr14 = 33;
Vr21 = 14;
Vr22 = 24;
Vr23 = 34;
Vr24 = 13;
Vy11 = 62;
Vy12 = 52;
Vy13 = 42;
Vy21 = 11;
Vy22 = 12;
Vy23 = 22;
Vy24 = 23;
Vy25 = 32;
% time elapsed: 111.12 s
----------
