Academic license - for non-commercial use only
Vpr = 14;
Vpb1 = 84;
Vpb2 = 0;
Vpg1 = 0;
Vpg2 = 0;
Vpy1 = 11;
Vpy2 = 81;
Vb11 = 63;
Vb12 = 73;
Vb13 = 74;
Vb14 = 83;
Vb15 = 84;
Vb21 = 82;
Vb22 = 72;
Vb23 = 62;
Vb24 = 52;
Vg11 = 31;
Vg12 = 41;
Vg13 = 51;
Vg14 = 42;
Vg21 = 33;
Vg22 = 34;
Vg23 = 44;
Vr11 = 64;
Vr12 = 54;
Vr13 = 53;
Vr14 = 43;
Vr21 = 14;
Vr22 = 13;
Vr23 = 12;
Vr24 = 24;
Vy11 = 81;
Vy12 = 71;
Vy13 = 61;
Vy21 = 11;
Vy22 = 21;
Vy23 = 22;
Vy24 = 32;
Vy25 = 23;
% time elapsed: 9.93 s
----------
