% [playingmode2/wizard/model2/model2.fzn]
% simple solver
% parse instance...
ANTLR Tool version 4.5 used for code generation does not match the current runtime version 4.8ANTLR Tool version 4.5 used for code generation does not match the current runtime version 4.8% solve instance...
% Model[model2.fzn_1], 683 variables, 1048 constraints, building time: 0.282s, w/o user-defined search strategy, w/o complementary search strategy
Vy1 = 243;
Vy2 = 343;
Vy3 = 443;
Vy4 = 333;
Vb11 = 311;
Vb12 = 321;
Vb13 = 322;
Vb14 = 411;
Vb15 = 221;
Vb21 = 121;
Vb22 = 122;
Vb23 = 111;
Vb24 = 211;
Vb25 = 132;
Vg11 = 421;
Vg12 = 422;
Vg13 = 432;
Vg14 = 433;
Vg21 = 344;
Vg22 = 444;
Vg23 = 544;
Vr11 = 533;
Vr12 = 543;
Vr13 = 532;
Vr21 = 521;
Vr22 = 511;
Vr23 = 522;
Vo2 = 332;
Vo4 = 222;
Vp1 = 143;
Vp2 = 144;
Vp3 = 244;
Vp4 = 133;
----------
the excute time:14.132080316543579