% [playingmode2/junior/model6/model6.fzn]
% simple solver
% parse instance...
ANTLR Tool version 4.5 used for code generation does not match the current runtime version 4.8ANTLR Tool version 4.5 used for code generation does not match the current runtime version 4.8% solve instance...
% Model[model6.fzn_1], 347 variables, 381 constraints, building time: 0.240s, w/o user-defined search strategy, w/o complementary search strategy
Vb21 = 543;
Vb22 = 533;
Vb23 = 544;
Vb24 = 444;
Vb25 = 532;
Vg11 = 422;
Vg12 = 432;
Vg13 = 433;
Vg14 = 443;
Vr21 = 321;
Vo2 = 322;
Vo4 = 232;
Vp1 = 511;
Vp2 = 521;
Vp3 = 522;
Vp4 = 411;
----------
the excute time:0.7798151969909668