% [playingmode1/junior/model4/model4.fzn]
% simple solver
% parse instance...
ANTLR Tool version 4.5 used for code generation does not match the current runtime version 4.8ANTLR Tool version 4.5 used for code generation does not match the current runtime version 4.8% solve instance...
% Model[model4.fzn_1], 288 variables, 311 constraints, building time: 0.242s, w/o user-defined search strategy, w/o complementary search strategy
Vg11 = 214;
Vg12 = 213;
Vg13 = 113;
Vg14 = 112;
Vg21 = 311;
Vg22 = 312;
Vg23 = 313;
Vr21 = 114;
Vr22 = 124;
Vr23 = 115;
Vp1 = 111;
Vp2 = 211;
Vp3 = 212;
Vp4 = 121;
----------
the excute time:0.6771447658538818