% [playingmode1/junior/model7/model7.fzn]
% simple solver
% parse instance...
ANTLR Tool version 4.5 used for code generation does not match the current runtime version 4.8ANTLR Tool version 4.5 used for code generation does not match the current runtime version 4.8% solve instance...
% Model[model7.fzn_1], 334 variables, 370 constraints, building time: 0.202s, w/o user-defined search strategy, w/o complementary search strategy
Vb21 = 221;
Vb22 = 211;
Vb23 = 321;
Vb24 = 322;
Vb25 = 111;
Vg21 = 131;
Vg22 = 141;
Vg23 = 151;
Vo1 = 231;
Vo2 = 331;
Vo3 = 241;
Vo4 = 232;
Vp1 = 122;
Vp2 = 112;
Vp3 = 212;
Vp4 = 121;
----------
the excute time:0.6593964099884033