% [playingmode2/master/model1/model1.fzn]
% simple solver
% parse instance...
ANTLR Tool version 4.5 used for code generation does not match the current runtime version 4.8ANTLR Tool version 4.5 used for code generation does not match the current runtime version 4.8% solve instance...
% Model[model1.fzn_1], 502 variables, 634 constraints, building time: 0.908s, w/o user-defined search strategy, w/o complementary search strategy
Vy1 = 532;
Vy3 = 332;
Vg11 = 433;
Vg12 = 333;
Vg13 = 343;
Vg14 = 243;
Vg21 = 444;
Vg22 = 344;
Vg23 = 244;
Vr11 = 211;
Vr12 = 221;
Vr13 = 311;
Vr21 = 121;
Vr22 = 122;
Vr23 = 111;
Vo1 = 543;
Vo2 = 533;
Vo3 = 544;
Vo4 = 443;
Vp1 = 521;
Vp2 = 511;
Vp3 = 411;
Vp4 = 522;
----------
the excute time:50.383948802948