% solving(playingmode2/wizard/model2/model2.fzn)
% loading playingmode2/wizard/model2/model2.fzn
Vy1 = 243;
Vy2 = 343;
Vy3 = 443;
Vy4 = 333;
Vb11 = 311;
Vb12 = 321;
Vb13 = 322;
Vb14 = 411;
Vb15 = 221;
Vb21 = 121;
Vb22 = 122;
Vb23 = 111;
Vb24 = 211;
Vb25 = 132;
Vg11 = 421;
Vg12 = 422;
Vg13 = 432;
Vg14 = 433;
Vg21 = 544;
Vg22 = 444;
Vg23 = 344;
Vr11 = 521;
Vr12 = 511;
Vr13 = 522;
Vr21 = 533;
Vr22 = 532;
Vr23 = 543;
Vo2 = 332;
Vo4 = 222;
Vp1 = 144;
Vp2 = 143;
Vp3 = 133;
Vp4 = 244;
----------
the excute time:7.620293140411377