% [playingmode1/junior/model5/model5.fzn]
% simple solver
% parse instance...
ANTLR Tool version 4.5 used for code generation does not match the current runtime version 4.8ANTLR Tool version 4.5 used for code generation does not match the current runtime version 4.8% solve instance...
% Model[model5.fzn_1], 290 variables, 295 constraints, building time: 0.204s, w/o user-defined search strategy, w/o complementary search strategy
Vy1 = 131;
Vy2 = 121;
Vy3 = 111;
Vy4 = 122;
Vb11 = 221;
Vb12 = 321;
Vb13 = 322;
Vb14 = 211;
Vb15 = 331;
Vp1 = 222;
Vp2 = 212;
Vp3 = 112;
Vp4 = 223;
----------
the excute time:0.6289746761322021