% [playingmode1/expert/model7/model7.fzn]
% simple solver
% parse instance...
ANTLR Tool version 4.5 used for code generation does not match the current runtime version 4.8ANTLR Tool version 4.5 used for code generation does not match the current runtime version 4.8% solve instance...
% Model[model7.fzn_1], 443 variables, 518 constraints, building time: 0.241s, w/o user-defined search strategy, w/o complementary search strategy
Vb11 = 212;
Vb12 = 211;
Vb13 = 221;
Vb14 = 312;
Vb15 = 111;
Vg11 = 113;
Vg12 = 112;
Vg13 = 122;
Vg14 = 121;
Vg21 = 131;
Vg22 = 231;
Vg23 = 331;
Vo1 = 141;
Vo2 = 151;
Vo3 = 142;
Vo4 = 241;
Vp1 = 133;
Vp2 = 123;
Vp3 = 223;
Vp4 = 132;
----------
the excute time:0.8375821113586426