Academic license - for non-commercial use only
Vpr = 53;
Vpb1 = 0;
Vpb2 = 0;
Vpg1 = 23;
Vpg2 = 82;
Vpy1 = 32;
Vpy2 = 51;
Vb11 = 81;
Vb12 = 71;
Vb13 = 72;
Vb14 = 61;
Vb15 = 62;
Vb21 = 44;
Vb22 = 54;
Vb23 = 64;
Vb24 = 74;
Vg11 = 84;
Vg12 = 83;
Vg13 = 82;
Vg14 = 73;
Vg21 = 14;
Vg22 = 24;
Vg23 = 23;
Vr11 = 63;
Vr12 = 53;
Vr13 = 52;
Vr14 = 42;
Vr21 = 11;
Vr22 = 12;
Vr23 = 13;
Vr24 = 21;
Vy11 = 51;
Vy12 = 41;
Vy13 = 31;
Vy21 = 22;
Vy22 = 32;
Vy23 = 33;
Vy24 = 43;
Vy25 = 34;
% time elapsed: 89.00 s
----------
