Academic license - for non-commercial use only
Vpr = 51;
Vpb1 = 0;
Vpb2 = 0;
Vpg1 = 63;
Vpg2 = 0;
Vpy1 = 43;
Vpy2 = 0;
Vb11 = 13;
Vb12 = 12;
Vb13 = 22;
Vb14 = 11;
Vb15 = 21;
Vb21 = 44;
Vb22 = 34;
Vb23 = 24;
Vb24 = 14;
Vg11 = 74;
Vg12 = 64;
Vg13 = 54;
Vg14 = 63;
Vg21 = 71;
Vg22 = 81;
Vg23 = 82;
Vr11 = 84;
Vr12 = 83;
Vr13 = 73;
Vr14 = 72;
Vr21 = 31;
Vr22 = 41;
Vr23 = 51;
Vr24 = 32;
Vy11 = 43;
Vy12 = 33;
Vy13 = 23;
Vy21 = 61;
Vy22 = 62;
Vy23 = 52;
Vy24 = 53;
Vy25 = 42;
% time elapsed: 1540.22 s
----------
