Academic license - for non-commercial use only
Vpr = 0;
Vpb1 = 0;
Vpb2 = 0;
Vpg1 = 43;
Vpg2 = 83;
Vpy1 = 74;
Vpy2 = 0;
Vb11 = 61;
Vb12 = 71;
Vb13 = 72;
Vb14 = 81;
Vb15 = 82;
Vb21 = 52;
Vb22 = 42;
Vb23 = 32;
Vb24 = 22;
Vg11 = 34;
Vg12 = 44;
Vg13 = 54;
Vg14 = 43;
Vg21 = 84;
Vg22 = 83;
Vg23 = 73;
Vr11 = 14;
Vr12 = 24;
Vr13 = 23;
Vr14 = 33;
Vr21 = 11;
Vr22 = 12;
Vr23 = 13;
Vr24 = 21;
Vy11 = 51;
Vy12 = 41;
Vy13 = 31;
Vy21 = 74;
Vy22 = 64;
Vy23 = 63;
Vy24 = 53;
Vy25 = 62;
% time elapsed: 1227.74 s
----------
