% [playingmode2/master/model5/model5.fzn]
% simple solver
% parse instance...
ANTLR Tool version 4.5 used for code generation does not match the current runtime version 4.8ANTLR Tool version 4.5 used for code generation does not match the current runtime version 4.8% solve instance...
% Model[model5.fzn_1], 475 variables, 567 constraints, building time: 0.386s, w/o user-defined search strategy, w/o complementary search strategy
Vy1 = 211;
Vy2 = 311;
Vy3 = 411;
Vy4 = 321;
Vg11 = 532;
Vg12 = 533;
Vg13 = 543;
Vg14 = 544;
Vg21 = 444;
Vg22 = 344;
Vg23 = 244;
Vr11 = 521;
Vr12 = 421;
Vr13 = 511;
Vr21 = 143;
Vr22 = 133;
Vr23 = 144;
Vo1 = 121;
Vo2 = 221;
Vo3 = 122;
Vo4 = 111;
----------
the excute time:1.7047722339630127