Academic license - for non-commercial use only
Vpr = 0;
Vpb1 = 32;
Vpb2 = 0;
Vpg1 = 54;
Vpg2 = 72;
Vpy1 = 43;
Vpy2 = 0;
Vb11 = 11;
Vb12 = 21;
Vb13 = 22;
Vb14 = 31;
Vb15 = 32;
Vb21 = 71;
Vb22 = 61;
Vb23 = 51;
Vb24 = 41;
Vg11 = 81;
Vg12 = 82;
Vg13 = 83;
Vg14 = 72;
Vg21 = 53;
Vg22 = 54;
Vg23 = 44;
Vr11 = 52;
Vr12 = 62;
Vr13 = 63;
Vr14 = 73;
Vr21 = 14;
Vr22 = 13;
Vr23 = 12;
Vr24 = 24;
Vy11 = 84;
Vy12 = 74;
Vy13 = 64;
Vy21 = 42;
Vy22 = 43;
Vy23 = 33;
Vy24 = 34;
Vy25 = 23;
% time elapsed: 110.49 s
----------
