% [expert/model3/model3.fzn]
% simple solver
% parse instance...
ANTLR Tool version 4.5 used for code generation does not match the current runtime version 4.8ANTLR Tool version 4.5 used for code generation does not match the current runtime version 4.8% solve instance...
% Model[model3.fzn_1], 428 variables, 780 constraints, building time: 0.369s, w/o user-defined search strategy, w/o complementary search strategy
Vb11 = 63;
Vb12 = 73;
Vb13 = 72;
Vb14 = 83;
Vb15 = 82;
Vb21 = 84;
Vb22 = 74;
Vb23 = 64;
Vb24 = 54;
Vg11 = 42;
Vg12 = 52;
Vg13 = 62;
Vg14 = 51;
Vg21 = 14;
Vg22 = 24;
Vg23 = 23;
Vr11 = 34;
Vr12 = 44;
Vr13 = 43;
Vr14 = 53;
Vr21 = 11;
Vr22 = 12;
Vr23 = 13;
Vr24 = 21;
Vy11 = 61;
Vy12 = 71;
Vy13 = 81;
Vy21 = 41;
Vy22 = 31;
Vy23 = 32;
Vy24 = 22;
Vy25 = 33;
----------
the excute time:562.0276925563812