% [playingmode2/start/model7/model7.fzn]
% simple solver
% parse instance...
ANTLR Tool version 4.5 used for code generation does not match the current runtime version 4.8ANTLR Tool version 4.5 used for code generation does not match the current runtime version 4.8% solve instance...
% Model[model7.fzn_1], 318 variables, 363 constraints, building time: 0.204s, w/o user-defined search strategy, w/o complementary search strategy
Vb21 = 121;
Vb22 = 122;
Vb23 = 111;
Vb24 = 211;
Vb25 = 132;
Vg11 = 322;
Vg12 = 422;
Vg13 = 421;
Vg14 = 521;
Vr21 = 133;
Vr22 = 143;
Vr23 = 233;
Vp1 = 221;
Vp2 = 222;
Vp3 = 232;
Vp4 = 321;
----------
the excute time:0.6585004329681396