Academic license - for non-commercial use only
Vpr = 81;
Vpb1 = 21;
Vpb2 = 54;
Vpg1 = 32;
Vpg2 = 43;
Vpy1 = 63;
Vpy2 = 72;
Vb11 = 13;
Vb12 = 12;
Vb13 = 22;
Vb14 = 11;
Vb15 = 21;
Vb21 = 34;
Vb22 = 44;
Vb23 = 54;
Vb24 = 64;
Vg11 = 52;
Vg12 = 42;
Vg13 = 32;
Vg14 = 43;
Vg21 = 84;
Vg22 = 74;
Vg23 = 73;
Vr11 = 14;
Vr12 = 24;
Vr13 = 23;
Vr14 = 33;
Vr21 = 81;
Vr22 = 82;
Vr23 = 83;
Vr24 = 71;
Vy11 = 31;
Vy12 = 41;
Vy13 = 51;
Vy21 = 53;
Vy22 = 63;
Vy23 = 62;
Vy24 = 72;
Vy25 = 61;
% time elapsed: 15.29 s
----------
