% [playingmode1/master/model7/model7.fzn]
% simple solver
% parse instance...
ANTLR Tool version 4.5 used for code generation does not match the current runtime version 4.8ANTLR Tool version 4.5 used for code generation does not match the current runtime version 4.8% solve instance...
% Model[model7.fzn_1], 535 variables, 672 constraints, building time: 0.365s, w/o user-defined search strategy, w/o complementary search strategy
Vy1 = 111;
Vy2 = 112;
Vy3 = 113;
Vy4 = 212;
Vb11 = 133;
Vb12 = 132;
Vb13 = 232;
Vb14 = 123;
Vb15 = 142;
Vg11 = 223;
Vg12 = 222;
Vg13 = 122;
Vg14 = 121;
Vg21 = 151;
Vg22 = 141;
Vg23 = 131;
Vo1 = 411;
Vo2 = 412;
Vo3 = 511;
Vo4 = 421;
Vp1 = 211;
Vp2 = 311;
Vp3 = 312;
Vp4 = 221;
----------
the excute time:44.60803937911987