Academic license - for non-commercial use only
Vpr = 0;
Vpb1 = 23;
Vpb2 = 0;
Vpg1 = 71;
Vpg2 = 72;
Vpy1 = 14;
Vpy2 = 63;
Vb11 = 31;
Vb12 = 21;
Vb13 = 22;
Vb14 = 11;
Vb15 = 12;
Vb21 = 43;
Vb22 = 33;
Vb23 = 23;
Vb24 = 13;
Vg11 = 64;
Vg12 = 54;
Vg13 = 44;
Vg14 = 53;
Vg21 = 81;
Vg22 = 71;
Vg23 = 72;
Vr11 = 51;
Vr12 = 41;
Vr13 = 42;
Vr14 = 32;
Vr21 = 84;
Vr22 = 83;
Vr23 = 82;
Vr24 = 74;
Vy11 = 14;
Vy12 = 24;
Vy13 = 34;
Vy21 = 73;
Vy22 = 63;
Vy23 = 62;
Vy24 = 52;
Vy25 = 61;
% time elapsed: 302.18 s
----------
