% [playingmode2/expert/model4/model4.fzn]
% simple solver
% parse instance...
ANTLR Tool version 4.5 used for code generation does not match the current runtime version 4.8ANTLR Tool version 4.5 used for code generation does not match the current runtime version 4.8% solve instance...
% Model[model4.fzn_1], 454 variables, 545 constraints, building time: 0.433s, w/o user-defined search strategy, w/o complementary search strategy
Vy1 = 421;
Vy2 = 321;
Vy3 = 221;
Vy4 = 322;
Vb11 = 433;
Vb12 = 432;
Vb13 = 332;
Vb14 = 443;
Vb15 = 422;
Vb21 = 543;
Vb22 = 533;
Vb23 = 544;
Vb24 = 444;
Vb25 = 532;
Vg21 = 111;
Vg22 = 211;
Vg23 = 311;
Vo1 = 122;
Vo2 = 132;
Vo3 = 222;
Vo4 = 121;
----------
the excute time:1.417130708694458