% [playingmode2/expert/model6/model6.fzn]
% simple solver
% parse instance...
ANTLR Tool version 4.5 used for code generation does not match the current runtime version 4.8ANTLR Tool version 4.5 used for code generation does not match the current runtime version 4.8% solve instance...
% Model[model6.fzn_1], 394 variables, 449 constraints, building time: 0.403s, w/o user-defined search strategy, w/o complementary search strategy
Vb21 = 122;
Vb22 = 121;
Vb23 = 132;
Vb24 = 232;
Vb25 = 111;
Vg21 = 211;
Vg22 = 311;
Vg23 = 411;
Vr11 = 422;
Vr12 = 322;
Vr13 = 432;
Vr21 = 221;
Vr22 = 321;
Vr23 = 222;
Vp1 = 143;
Vp2 = 144;
Vp3 = 244;
Vp4 = 133;
----------
the excute time:7.548059940338135